app/build/intermediates/manifest_merge_blame_file/debug/manifest-merger-blame-debug-report.txt
1<?xml version="1.0" encoding="utf-8"?>
2<manifest xmlns:android="http://schemas.android.com/apk/res/android"
3    package="com.mwangi.real"
4    android:versionCode="1"
5    android:versionName="1.0" >
6
7    <uses-sdk
8        android:minSdkVersion="24"
8-->src\main\AndroidManifest.xml
9        android:targetSdkVersion="33" />
9-->src\main\AndroidManifest.xml
10
11    <uses-permission android:name="android.permission.READ_EXTERNAL_STORAGE" />
11-->src\main\AndroidManifest.xml:5:5-80
11-->src\main\AndroidManifest.xml:5:22-77
12    <uses-permission android:name="android.permission.WRITE_EXTERNAL_STORAGE" />
12-->src\main\AndroidManifest.xml:6:5-81
12-->src\main\AndroidManifest.xml:6:22-78
13    <uses-permission android:name="android.permission.INTERNET" />
13-->src\main\AndroidManifest.xml:7:5-67
13-->src\main\AndroidManifest.xml:7:22-64
14    <uses-permission android:name="android.permission.ACCESS_NETWORK_STATE" />
14-->src\main\AndroidManifest.xml:8:5-79
14-->src\main\AndroidManifest.xml:8:22-76
15    <uses-permission android:name="android.permission.WAKE_LOCK" />
15-->[androidx.work:work-runtime:2.6.0] AndroidManifest.xml:25:5-68
15-->[androidx.work:work-runtime:2.6.0] AndroidManifest.xml:25:22-65
16    <uses-permission android:name="android.permission.RECEIVE_BOOT_COMPLETED" />
16-->[androidx.work:work-runtime:2.6.0] AndroidManifest.xml:27:5-81
16-->[androidx.work:work-runtime:2.6.0] AndroidManifest.xml:27:22-78
17    <uses-permission android:name="android.permission.FOREGROUND_SERVICE" />
17-->[androidx.work:work-runtime:2.6.0] AndroidManifest.xml:28:5-77
17-->[androidx.work:work-runtime:2.6.0] AndroidManifest.xml:28:22-74
18    <uses-permission android:name="com.google.android.gms.permission.AD_ID" />
18-->[com.google.android.gms:play-services-measurement-api:21.2.2] AndroidManifest.xml:25:5-79
18-->[com.google.android.gms:play-services-measurement-api:21.2.2] AndroidManifest.xml:25:22-76
19    <uses-permission android:name="com.google.android.finsky.permission.BIND_GET_INSTALL_REFERRER_SERVICE" />
19-->[com.google.android.gms:play-services-measurement:21.2.2] AndroidManifest.xml:26:5-110
19-->[com.google.android.gms:play-services-measurement:21.2.2] AndroidManifest.xml:26:22-107
20
21    <permission
21-->[androidx.core:core:1.9.0] AndroidManifest.xml:22:5-24:47
22        android:name="com.mwangi.real.DYNAMIC_RECEIVER_NOT_EXPORTED_PERMISSION"
22-->[androidx.core:core:1.9.0] AndroidManifest.xml:23:9-81
23        android:protectionLevel="signature" />
23-->[androidx.core:core:1.9.0] AndroidManifest.xml:24:9-44
24
25    <uses-permission android:name="com.mwangi.real.DYNAMIC_RECEIVER_NOT_EXPORTED_PERMISSION" />
25-->[androidx.core:core:1.9.0] AndroidManifest.xml:26:5-97
25-->[androidx.core:core:1.9.0] AndroidManifest.xml:26:22-94
26
27    <application
27-->src\main\AndroidManifest.xml:10:5-66:19
28        android:allowBackup="true"
28-->src\main\AndroidManifest.xml:11:9-35
29        android:appComponentFactory="androidx.core.app.CoreComponentFactory"
29-->[androidx.core:core:1.9.0] AndroidManifest.xml:28:18-86
30        android:dataExtractionRules="@xml/data_extraction_rules"
30-->src\main\AndroidManifest.xml:12:9-65
31        android:debuggable="true"
32        android:extractNativeLibs="false"
33        android:fullBackupContent="@xml/backup_rules"
33-->src\main\AndroidManifest.xml:13:9-54
34        android:icon="@mipmap/icon_r"
34-->src\main\AndroidManifest.xml:14:9-38
35        android:label="@string/app_name"
35-->src\main\AndroidManifest.xml:15:9-41
36        android:supportsRtl="true"
36-->src\main\AndroidManifest.xml:16:9-35
37        android:testOnly="true"
38        android:theme="@style/Theme.Real" >
38-->src\main\AndroidManifest.xml:17:9-42
39        <provider
40            android:name="androidx.core.content.FileProvider"
40-->src\main\AndroidManifest.xml:22:13-62
41            android:authorities="com.mwangi.real.fileprovider"
41-->src\main\AndroidManifest.xml:23:13-64
42            android:exported="false"
42-->src\main\AndroidManifest.xml:24:13-37
43            android:grantUriPermissions="true" >
43-->src\main\AndroidManifest.xml:25:13-47
44            <meta-data
44-->src\main\AndroidManifest.xml:26:13-28:54
45                android:name="android.support.FILE_PROVIDER_PATHS"
45-->src\main\AndroidManifest.xml:27:17-67
46                android:resource="@xml/file_paths" />
46-->src\main\AndroidManifest.xml:28:17-51
47        </provider>
48
49        <activity
49-->src\main\AndroidManifest.xml:31:9-33:40
50            android:name="com.mwangi.real.UpdatingUserInfo"
50-->src\main\AndroidManifest.xml:32:13-45
51            android:exported="false" />
51-->src\main\AndroidManifest.xml:33:13-37
52        <activity
52-->src\main\AndroidManifest.xml:34:9-36:40
53            android:name="com.mwangi.real.AccountSettings"
53-->src\main\AndroidManifest.xml:35:13-44
54            android:exported="false" />
54-->src\main\AndroidManifest.xml:36:13-37
55        <activity
55-->src\main\AndroidManifest.xml:37:9-39:40
56            android:name="com.mwangi.real.ViewActivity"
56-->src\main\AndroidManifest.xml:38:13-41
57            android:exported="false" />
57-->src\main\AndroidManifest.xml:39:13-37
58        <activity
58-->src\main\AndroidManifest.xml:40:9-43:52
59            android:name="com.mwangi.real.MainActivity"
59-->src\main\AndroidManifest.xml:41:13-41
60            android:exported="false"
60-->src\main\AndroidManifest.xml:42:13-37
61            android:screenOrientation="portrait" />
61-->src\main\AndroidManifest.xml:43:13-49
62        <activity
62-->src\main\AndroidManifest.xml:44:9-47:52
63            android:name="com.mwangi.real.RegisterActivity"
63-->src\main\AndroidManifest.xml:45:13-45
64            android:exported="false"
64-->src\main\AndroidManifest.xml:46:13-37
65            android:screenOrientation="portrait" />
65-->src\main\AndroidManifest.xml:47:13-49
66        <activity
66-->src\main\AndroidManifest.xml:48:9-51:52
67            android:name="com.mwangi.real.LoginActivity"
67-->src\main\AndroidManifest.xml:49:13-42
68            android:exported="false"
68-->src\main\AndroidManifest.xml:50:13-37
69            android:screenOrientation="portrait" />
69-->src\main\AndroidManifest.xml:51:13-49
70        <activity
70-->src\main\AndroidManifest.xml:52:9-55:52
71            android:name="com.mwangi.real.GetStartedActivity"
71-->src\main\AndroidManifest.xml:53:13-47
72            android:exported="false"
72-->src\main\AndroidManifest.xml:54:13-37
73            android:screenOrientation="portrait" />
73-->src\main\AndroidManifest.xml:55:13-49
74        <activity
74-->src\main\AndroidManifest.xml:56:9-65:20
75            android:name="com.mwangi.real.SplashActivity"
75-->src\main\AndroidManifest.xml:57:13-43
76            android:exported="true"
76-->src\main\AndroidManifest.xml:58:13-36
77            android:screenOrientation="portrait" >
77-->src\main\AndroidManifest.xml:59:13-49
78            <intent-filter>
78-->src\main\AndroidManifest.xml:60:13-64:29
79                <action android:name="android.intent.action.MAIN" />
79-->src\main\AndroidManifest.xml:61:17-69
79-->src\main\AndroidManifest.xml:61:25-66
80
81                <category android:name="android.intent.category.LAUNCHER" />
81-->src\main\AndroidManifest.xml:63:17-77
81-->src\main\AndroidManifest.xml:63:27-74
82            </intent-filter>
83        </activity>
84
85        <provider
85-->[androidx.work:work-runtime:2.6.0] AndroidManifest.xml:31:9-39:20
86            android:name="androidx.startup.InitializationProvider"
86-->[androidx.work:work-runtime:2.6.0] AndroidManifest.xml:32:13-67
87            android:authorities="com.mwangi.real.androidx-startup"
87-->[androidx.work:work-runtime:2.6.0] AndroidManifest.xml:33:13-68
88            android:exported="false" >
88-->[androidx.work:work-runtime:2.6.0] AndroidManifest.xml:34:13-37
89            <meta-data
89-->[androidx.work:work-runtime:2.6.0] AndroidManifest.xml:36:13-38:52
90                android:name="androidx.work.WorkManagerInitializer"
90-->[androidx.work:work-runtime:2.6.0] AndroidManifest.xml:37:17-68
91                android:value="androidx.startup" />
91-->[androidx.work:work-runtime:2.6.0] AndroidManifest.xml:38:17-49
92            <meta-data
92-->[androidx.emoji2:emoji2:1.2.0] AndroidManifest.xml:29:13-31:52
93                android:name="androidx.emoji2.text.EmojiCompatInitializer"
93-->[androidx.emoji2:emoji2:1.2.0] AndroidManifest.xml:30:17-75
94                android:value="androidx.startup" />
94-->[androidx.emoji2:emoji2:1.2.0] AndroidManifest.xml:31:17-49
95            <meta-data
95-->[androidx.lifecycle:lifecycle-process:2.6.1] AndroidManifest.xml:29:13-31:52
96                android:name="androidx.lifecycle.ProcessLifecycleInitializer"
96-->[androidx.lifecycle:lifecycle-process:2.6.1] AndroidManifest.xml:30:17-78
97                android:value="androidx.startup" />
97-->[androidx.lifecycle:lifecycle-process:2.6.1] AndroidManifest.xml:31:17-49
98            <meta-data
98-->[androidx.profileinstaller:profileinstaller:1.3.0] AndroidManifest.xml:29:13-31:52
99                android:name="androidx.profileinstaller.ProfileInstallerInitializer"
99-->[androidx.profileinstaller:profileinstaller:1.3.0] AndroidManifest.xml:30:17-85
100                android:value="androidx.startup" />
100-->[androidx.profileinstaller:profileinstaller:1.3.0] AndroidManifest.xml:31:17-49
101        </provider>
102
103        <service
103-->[androidx.work:work-runtime:2.6.0] AndroidManifest.xml:41:9-46:35
104            android:name="androidx.work.impl.background.systemalarm.SystemAlarmService"
104-->[androidx.work:work-runtime:2.6.0] AndroidManifest.xml:42:13-88
105            android:directBootAware="false"
105-->[androidx.work:work-runtime:2.6.0] AndroidManifest.xml:43:13-44
106            android:enabled="@bool/enable_system_alarm_service_default"
106-->[androidx.work:work-runtime:2.6.0] AndroidManifest.xml:44:13-72
107            android:exported="false" />
107-->[androidx.work:work-runtime:2.6.0] AndroidManifest.xml:45:13-37
108        <service
108-->[androidx.work:work-runtime:2.6.0] AndroidManifest.xml:47:9-53:35
109            android:name="androidx.work.impl.background.systemjob.SystemJobService"
109-->[androidx.work:work-runtime:2.6.0] AndroidManifest.xml:48:13-84
110            android:directBootAware="false"
110-->[androidx.work:work-runtime:2.6.0] AndroidManifest.xml:49:13-44
111            android:enabled="@bool/enable_system_job_service_default"
111-->[androidx.work:work-runtime:2.6.0] AndroidManifest.xml:50:13-70
112            android:exported="true"
112-->[androidx.work:work-runtime:2.6.0] AndroidManifest.xml:51:13-36
113            android:permission="android.permission.BIND_JOB_SERVICE" />
113-->[androidx.work:work-runtime:2.6.0] AndroidManifest.xml:52:13-69
114        <service
114-->[androidx.work:work-runtime:2.6.0] AndroidManifest.xml:54:9-59:35
115            android:name="androidx.work.impl.foreground.SystemForegroundService"
115-->[androidx.work:work-runtime:2.6.0] AndroidManifest.xml:55:13-81
116            android:directBootAware="false"
116-->[androidx.work:work-runtime:2.6.0] AndroidManifest.xml:56:13-44
117            android:enabled="@bool/enable_system_foreground_service_default"
117-->[androidx.work:work-runtime:2.6.0] AndroidManifest.xml:57:13-77
118            android:exported="false" />
118-->[androidx.work:work-runtime:2.6.0] AndroidManifest.xml:58:13-37
119
120        <receiver
120-->[androidx.work:work-runtime:2.6.0] AndroidManifest.xml:61:9-66:35
121            android:name="androidx.work.impl.utils.ForceStopRunnable$BroadcastReceiver"
121-->[androidx.work:work-runtime:2.6.0] AndroidManifest.xml:62:13-88
122            android:directBootAware="false"
122-->[androidx.work:work-runtime:2.6.0] AndroidManifest.xml:63:13-44
123            android:enabled="true"
123-->[androidx.work:work-runtime:2.6.0] AndroidManifest.xml:64:13-35
124            android:exported="false" />
124-->[androidx.work:work-runtime:2.6.0] AndroidManifest.xml:65:13-37
125        <receiver
125-->[androidx.work:work-runtime:2.6.0] AndroidManifest.xml:67:9-77:20
126            android:name="androidx.work.impl.background.systemalarm.ConstraintProxy$BatteryChargingProxy"
126-->[androidx.work:work-runtime:2.6.0] AndroidManifest.xml:68:13-106
127            android:directBootAware="false"
127-->[androidx.work:work-runtime:2.6.0] AndroidManifest.xml:69:13-44
128            android:enabled="false"
128-->[androidx.work:work-runtime:2.6.0] AndroidManifest.xml:70:13-36
129            android:exported="false" >
129-->[androidx.work:work-runtime:2.6.0] AndroidManifest.xml:71:13-37
130            <intent-filter>
130-->[androidx.work:work-runtime:2.6.0] AndroidManifest.xml:73:13-76:29
131                <action android:name="android.intent.action.ACTION_POWER_CONNECTED" />
131-->[androidx.work:work-runtime:2.6.0] AndroidManifest.xml:74:17-87
131-->[androidx.work:work-runtime:2.6.0] AndroidManifest.xml:74:25-84
132                <action android:name="android.intent.action.ACTION_POWER_DISCONNECTED" />
132-->[androidx.work:work-runtime:2.6.0] AndroidManifest.xml:75:17-90
132-->[androidx.work:work-runtime:2.6.0] AndroidManifest.xml:75:25-87
133            </intent-filter>
134        </receiver>
135        <receiver
135-->[androidx.work:work-runtime:2.6.0] AndroidManifest.xml:78:9-88:20
136            android:name="androidx.work.impl.background.systemalarm.ConstraintProxy$BatteryNotLowProxy"
136-->[androidx.work:work-runtime:2.6.0] AndroidManifest.xml:79:13-104
137            android:directBootAware="false"
137-->[androidx.work:work-runtime:2.6.0] AndroidManifest.xml:80:13-44
138            android:enabled="false"
138-->[androidx.work:work-runtime:2.6.0] AndroidManifest.xml:81:13-36
139            android:exported="false" >
139-->[androidx.work:work-runtime:2.6.0] AndroidManifest.xml:82:13-37
140            <intent-filter>
140-->[androidx.work:work-runtime:2.6.0] AndroidManifest.xml:84:13-87:29
141                <action android:name="android.intent.action.BATTERY_OKAY" />
141-->[androidx.work:work-runtime:2.6.0] AndroidManifest.xml:85:17-77
141-->[androidx.work:work-runtime:2.6.0] AndroidManifest.xml:85:25-74
142                <action android:name="android.intent.action.BATTERY_LOW" />
142-->[androidx.work:work-runtime:2.6.0] AndroidManifest.xml:86:17-76
142-->[androidx.work:work-runtime:2.6.0] AndroidManifest.xml:86:25-73
143            </intent-filter>
144        </receiver>
145        <receiver
145-->[androidx.work:work-runtime:2.6.0] AndroidManifest.xml:89:9-99:20
146            android:name="androidx.work.impl.background.systemalarm.ConstraintProxy$StorageNotLowProxy"
146-->[androidx.work:work-runtime:2.6.0] AndroidManifest.xml:90:13-104
147            android:directBootAware="false"
147-->[androidx.work:work-runtime:2.6.0] AndroidManifest.xml:91:13-44
148            android:enabled="false"
148-->[androidx.work:work-runtime:2.6.0] AndroidManifest.xml:92:13-36
149            android:exported="false" >
149-->[androidx.work:work-runtime:2.6.0] AndroidManifest.xml:93:13-37
150            <intent-filter>
150-->[androidx.work:work-runtime:2.6.0] AndroidManifest.xml:95:13-98:29
151                <action android:name="android.intent.action.DEVICE_STORAGE_LOW" />
151-->[androidx.work:work-runtime:2.6.0] AndroidManifest.xml:96:17-83
151-->[androidx.work:work-runtime:2.6.0] AndroidManifest.xml:96:25-80
152                <action android:name="android.intent.action.DEVICE_STORAGE_OK" />
152-->[androidx.work:work-runtime:2.6.0] AndroidManifest.xml:97:17-82
152-->[androidx.work:work-runtime:2.6.0] AndroidManifest.xml:97:25-79
153            </intent-filter>
154        </receiver>
155        <receiver
155-->[androidx.work:work-runtime:2.6.0] AndroidManifest.xml:100:9-109:20
156            android:name="androidx.work.impl.background.systemalarm.ConstraintProxy$NetworkStateProxy"
156-->[androidx.work:work-runtime:2.6.0] AndroidManifest.xml:101:13-103
157            android:directBootAware="false"
157-->[androidx.work:work-runtime:2.6.0] AndroidManifest.xml:102:13-44
158            android:enabled="false"
158-->[androidx.work:work-runtime:2.6.0] AndroidManifest.xml:103:13-36
159            android:exported="false" >
159-->[androidx.work:work-runtime:2.6.0] AndroidManifest.xml:104:13-37
160            <intent-filter>
160-->[androidx.work:work-runtime:2.6.0] AndroidManifest.xml:106:13-108:29
161                <action android:name="android.net.conn.CONNECTIVITY_CHANGE" />
161-->[androidx.work:work-runtime:2.6.0] AndroidManifest.xml:107:17-79
161-->[androidx.work:work-runtime:2.6.0] AndroidManifest.xml:107:25-76
162            </intent-filter>
163        </receiver>
164        <receiver
164-->[androidx.work:work-runtime:2.6.0] AndroidManifest.xml:110:9-121:20
165            android:name="androidx.work.impl.background.systemalarm.RescheduleReceiver"
165-->[androidx.work:work-runtime:2.6.0] AndroidManifest.xml:111:13-88
166            android:directBootAware="false"
166-->[androidx.work:work-runtime:2.6.0] AndroidManifest.xml:112:13-44
167            android:enabled="false"
167-->[androidx.work:work-runtime:2.6.0] AndroidManifest.xml:113:13-36
168            android:exported="false" >
168-->[androidx.work:work-runtime:2.6.0] AndroidManifest.xml:114:13-37
169            <intent-filter>
169-->[androidx.work:work-runtime:2.6.0] AndroidManifest.xml:116:13-120:29
170                <action android:name="android.intent.action.BOOT_COMPLETED" />
170-->[androidx.work:work-runtime:2.6.0] AndroidManifest.xml:117:17-79
170-->[androidx.work:work-runtime:2.6.0] AndroidManifest.xml:117:25-76
171                <action android:name="android.intent.action.TIME_SET" />
171-->[androidx.work:work-runtime:2.6.0] AndroidManifest.xml:118:17-73
171-->[androidx.work:work-runtime:2.6.0] AndroidManifest.xml:118:25-70
172                <action android:name="android.intent.action.TIMEZONE_CHANGED" />
172-->[androidx.work:work-runtime:2.6.0] AndroidManifest.xml:119:17-81
172-->[androidx.work:work-runtime:2.6.0] AndroidManifest.xml:119:25-78
173            </intent-filter>
174        </receiver>
175        <receiver
175-->[androidx.work:work-runtime:2.6.0] AndroidManifest.xml:122:9-131:20
176            android:name="androidx.work.impl.background.systemalarm.ConstraintProxyUpdateReceiver"
176-->[androidx.work:work-runtime:2.6.0] AndroidManifest.xml:123:13-99
177            android:directBootAware="false"
177-->[androidx.work:work-runtime:2.6.0] AndroidManifest.xml:124:13-44
178            android:enabled="@bool/enable_system_alarm_service_default"
178-->[androidx.work:work-runtime:2.6.0] AndroidManifest.xml:125:13-72
179            android:exported="false" >
179-->[androidx.work:work-runtime:2.6.0] AndroidManifest.xml:126:13-37
180            <intent-filter>
180-->[androidx.work:work-runtime:2.6.0] AndroidManifest.xml:128:13-130:29
181                <action android:name="androidx.work.impl.background.systemalarm.UpdateProxies" />
181-->[androidx.work:work-runtime:2.6.0] AndroidManifest.xml:129:17-98
181-->[androidx.work:work-runtime:2.6.0] AndroidManifest.xml:129:25-95
182            </intent-filter>
183        </receiver>
184        <receiver
184-->[androidx.work:work-runtime:2.6.0] AndroidManifest.xml:132:9-142:20
185            android:name="androidx.work.impl.diagnostics.DiagnosticsReceiver"
185-->[androidx.work:work-runtime:2.6.0] AndroidManifest.xml:133:13-78
186            android:directBootAware="false"
186-->[androidx.work:work-runtime:2.6.0] AndroidManifest.xml:134:13-44
187            android:enabled="true"
187-->[androidx.work:work-runtime:2.6.0] AndroidManifest.xml:135:13-35
188            android:exported="true"
188-->[androidx.work:work-runtime:2.6.0] AndroidManifest.xml:136:13-36
189            android:permission="android.permission.DUMP" >
189-->[androidx.work:work-runtime:2.6.0] AndroidManifest.xml:137:13-57
190            <intent-filter>
190-->[androidx.work:work-runtime:2.6.0] AndroidManifest.xml:139:13-141:29
191                <action android:name="androidx.work.diagnostics.REQUEST_DIAGNOSTICS" />
191-->[androidx.work:work-runtime:2.6.0] AndroidManifest.xml:140:17-88
191-->[androidx.work:work-runtime:2.6.0] AndroidManifest.xml:140:25-85
192            </intent-filter>
193        </receiver>
194
195        <service
195-->[com.google.firebase:firebase-firestore-ktx:24.5.0] AndroidManifest.xml:11:9-17:19
196            android:name="com.google.firebase.components.ComponentDiscoveryService"
196-->[com.google.firebase:firebase-firestore-ktx:24.5.0] AndroidManifest.xml:12:13-84
197            android:directBootAware="true"
197-->[com.google.firebase:firebase-common:20.3.2] AndroidManifest.xml:34:13-43
198            android:exported="false" >
198-->[com.google.firebase:firebase-firestore-ktx:24.5.0] AndroidManifest.xml:13:13-37
199            <meta-data
199-->[com.google.firebase:firebase-firestore-ktx:24.5.0] AndroidManifest.xml:14:13-16:85
200                android:name="com.google.firebase.components:com.google.firebase.firestore.ktx.FirebaseFirestoreKtxRegistrar"
200-->[com.google.firebase:firebase-firestore-ktx:24.5.0] AndroidManifest.xml:15:17-126
201                android:value="com.google.firebase.components.ComponentRegistrar" />
201-->[com.google.firebase:firebase-firestore-ktx:24.5.0] AndroidManifest.xml:16:17-82
202            <meta-data
202-->[com.google.firebase:firebase-auth:21.3.0] AndroidManifest.xml:69:13-71:85
203                android:name="com.google.firebase.components:com.google.firebase.auth.FirebaseAuthRegistrar"
203-->[com.google.firebase:firebase-auth:21.3.0] AndroidManifest.xml:70:17-109
204                android:value="com.google.firebase.components.ComponentRegistrar" />
204-->[com.google.firebase:firebase-auth:21.3.0] AndroidManifest.xml:71:17-82
205            <meta-data
205-->[com.google.firebase:firebase-database-ktx:20.2.0] AndroidManifest.xml:14:13-16:85
206                android:name="com.google.firebase.components:com.google.firebase.database.ktx.FirebaseDatabaseKtxRegistrar"
206-->[com.google.firebase:firebase-database-ktx:20.2.0] AndroidManifest.xml:15:17-124
207                android:value="com.google.firebase.components.ComponentRegistrar" />
207-->[com.google.firebase:firebase-database-ktx:20.2.0] AndroidManifest.xml:16:17-82
208            <meta-data
208-->[com.google.firebase:firebase-database:20.2.0] AndroidManifest.xml:31:13-33:85
209                android:name="com.google.firebase.components:com.google.firebase.database.DatabaseRegistrar"
209-->[com.google.firebase:firebase-database:20.2.0] AndroidManifest.xml:32:17-109
210                android:value="com.google.firebase.components.ComponentRegistrar" />
210-->[com.google.firebase:firebase-database:20.2.0] AndroidManifest.xml:33:17-82
211            <meta-data
211-->[com.google.firebase:firebase-storage-ktx:20.1.0] AndroidManifest.xml:14:13-16:85
212                android:name="com.google.firebase.components:com.google.firebase.storage.ktx.FirebaseStorageKtxRegistrar"
212-->[com.google.firebase:firebase-storage-ktx:20.1.0] AndroidManifest.xml:15:17-122
213                android:value="com.google.firebase.components.ComponentRegistrar" />
213-->[com.google.firebase:firebase-storage-ktx:20.1.0] AndroidManifest.xml:16:17-82
214            <meta-data
214-->[com.google.firebase:firebase-analytics-ktx:21.2.2] AndroidManifest.xml:11:13-13:85
215                android:name="com.google.firebase.components:com.google.firebase.analytics.ktx.FirebaseAnalyticsKtxRegistrar"
215-->[com.google.firebase:firebase-analytics-ktx:21.2.2] AndroidManifest.xml:12:17-126
216                android:value="com.google.firebase.components.ComponentRegistrar" />
216-->[com.google.firebase:firebase-analytics-ktx:21.2.2] AndroidManifest.xml:13:17-82
217            <meta-data
217-->[com.google.firebase:firebase-storage:20.1.0] AndroidManifest.xml:32:13-34:85
218                android:name="com.google.firebase.components:com.google.firebase.storage.StorageRegistrar"
218-->[com.google.firebase:firebase-storage:20.1.0] AndroidManifest.xml:33:17-107
219                android:value="com.google.firebase.components.ComponentRegistrar" />
219-->[com.google.firebase:firebase-storage:20.1.0] AndroidManifest.xml:34:17-82
220            <meta-data
220-->[com.google.firebase:firebase-common-ktx:20.3.2] AndroidManifest.xml:14:13-16:85
221                android:name="com.google.firebase.components:com.google.firebase.ktx.FirebaseCommonKtxRegistrar"
221-->[com.google.firebase:firebase-common-ktx:20.3.2] AndroidManifest.xml:15:17-113
222                android:value="com.google.firebase.components.ComponentRegistrar" />
222-->[com.google.firebase:firebase-common-ktx:20.3.2] AndroidManifest.xml:16:17-82
223            <meta-data
223-->[com.google.firebase:firebase-firestore:24.5.0] AndroidManifest.xml:19:13-21:85
224                android:name="com.google.firebase.components:com.google.firebase.firestore.FirestoreRegistrar"
224-->[com.google.firebase:firebase-firestore:24.5.0] AndroidManifest.xml:20:17-111
225                android:value="com.google.firebase.components.ComponentRegistrar" />
225-->[com.google.firebase:firebase-firestore:24.5.0] AndroidManifest.xml:21:17-82
226            <meta-data
226-->[com.google.android.gms:play-services-measurement-api:21.2.2] AndroidManifest.xml:31:13-33:85
227                android:name="com.google.firebase.components:com.google.firebase.analytics.connector.internal.AnalyticsConnectorRegistrar"
227-->[com.google.android.gms:play-services-measurement-api:21.2.2] AndroidManifest.xml:32:17-139
228                android:value="com.google.firebase.components.ComponentRegistrar" />
228-->[com.google.android.gms:play-services-measurement-api:21.2.2] AndroidManifest.xml:33:17-82
229            <meta-data
229-->[com.google.firebase:firebase-installations:17.1.3] AndroidManifest.xml:17:13-19:85
230                android:name="com.google.firebase.components:com.google.firebase.installations.FirebaseInstallationsRegistrar"
230-->[com.google.firebase:firebase-installations:17.1.3] AndroidManifest.xml:18:17-127
231                android:value="com.google.firebase.components.ComponentRegistrar" />
231-->[com.google.firebase:firebase-installations:17.1.3] AndroidManifest.xml:19:17-82
232        </service>
233
234        <activity
234-->[com.google.firebase:firebase-auth:21.3.0] AndroidManifest.xml:29:9-46:20
235            android:name="com.google.firebase.auth.internal.GenericIdpActivity"
235-->[com.google.firebase:firebase-auth:21.3.0] AndroidManifest.xml:30:13-80
236            android:excludeFromRecents="true"
236-->[com.google.firebase:firebase-auth:21.3.0] AndroidManifest.xml:31:13-46
237            android:exported="true"
237-->[com.google.firebase:firebase-auth:21.3.0] AndroidManifest.xml:32:13-36
238            android:launchMode="singleTask"
238-->[com.google.firebase:firebase-auth:21.3.0] AndroidManifest.xml:33:13-44
239            android:theme="@android:style/Theme.Translucent.NoTitleBar" >
239-->[com.google.firebase:firebase-auth:21.3.0] AndroidManifest.xml:34:13-72
240            <intent-filter>
240-->[com.google.firebase:firebase-auth:21.3.0] AndroidManifest.xml:35:13-45:29
241                <action android:name="android.intent.action.VIEW" />
241-->[com.google.firebase:firebase-auth:21.3.0] AndroidManifest.xml:36:17-69
241-->[com.google.firebase:firebase-auth:21.3.0] AndroidManifest.xml:36:25-66
242
243                <category android:name="android.intent.category.DEFAULT" />
243-->[com.google.firebase:firebase-auth:21.3.0] AndroidManifest.xml:38:17-76
243-->[com.google.firebase:firebase-auth:21.3.0] AndroidManifest.xml:38:27-73
244                <category android:name="android.intent.category.BROWSABLE" />
244-->[com.google.firebase:firebase-auth:21.3.0] AndroidManifest.xml:39:17-78
244-->[com.google.firebase:firebase-auth:21.3.0] AndroidManifest.xml:39:27-75
245
246                <data
246-->[com.google.firebase:firebase-auth:21.3.0] AndroidManifest.xml:41:17-44:51
247                    android:host="firebase.auth"
247-->[com.google.firebase:firebase-auth:21.3.0] AndroidManifest.xml:42:21-49
248                    android:path="/"
248-->[com.google.firebase:firebase-auth:21.3.0] AndroidManifest.xml:43:21-37
249                    android:scheme="genericidp" />
249-->[com.google.firebase:firebase-auth:21.3.0] AndroidManifest.xml:44:21-48
250            </intent-filter>
251        </activity>
252        <activity
252-->[com.google.firebase:firebase-auth:21.3.0] AndroidManifest.xml:47:9-64:20
253            android:name="com.google.firebase.auth.internal.RecaptchaActivity"
253-->[com.google.firebase:firebase-auth:21.3.0] AndroidManifest.xml:48:13-79
254            android:excludeFromRecents="true"
254-->[com.google.firebase:firebase-auth:21.3.0] AndroidManifest.xml:49:13-46
255            android:exported="true"
255-->[com.google.firebase:firebase-auth:21.3.0] AndroidManifest.xml:50:13-36
256            android:launchMode="singleTask"
256-->[com.google.firebase:firebase-auth:21.3.0] AndroidManifest.xml:51:13-44
257            android:theme="@android:style/Theme.Translucent.NoTitleBar" >
257-->[com.google.firebase:firebase-auth:21.3.0] AndroidManifest.xml:52:13-72
258            <intent-filter>
258-->[com.google.firebase:firebase-auth:21.3.0] AndroidManifest.xml:53:13-63:29
259                <action android:name="android.intent.action.VIEW" />
259-->[com.google.firebase:firebase-auth:21.3.0] AndroidManifest.xml:36:17-69
259-->[com.google.firebase:firebase-auth:21.3.0] AndroidManifest.xml:36:25-66
260
261                <category android:name="android.intent.category.DEFAULT" />
261-->[com.google.firebase:firebase-auth:21.3.0] AndroidManifest.xml:38:17-76
261-->[com.google.firebase:firebase-auth:21.3.0] AndroidManifest.xml:38:27-73
262                <category android:name="android.intent.category.BROWSABLE" />
262-->[com.google.firebase:firebase-auth:21.3.0] AndroidManifest.xml:39:17-78